D:\Ad\AngularDemo\AngularDemo\Components\MasterPageComponent.js
D:\Ad\AngularDemo\AngularDemo\Components\MasterPageComponent.js.map
D:\Ad\AngularDemo\AngularDemo\Components\WelcomeComponent.js
D:\Ad\AngularDemo\AngularDemo\Components\WelcomeComponent.js.map
D:\Ad\AngularDemo\AngularDemo\Routing\MainRouting.js
D:\Ad\AngularDemo\AngularDemo\Routing\MainRouting.js.map
D:\Ad\AngularDemo\AngularDemo\Modules\MainModule.js
D:\Ad\AngularDemo\AngularDemo\Modules\MainModule.js.map
D:\Ad\AngularDemo\AngularDemo\Startup\Startup.js
D:\Ad\AngularDemo\AngularDemo\Startup\Startup.js.map
D:\Ad\AngularDemo\AngularDemo\Service\CustomerDbService.js
D:\Ad\AngularDemo\AngularDemo\Service\CustomerDbService.js.map
D:\Ad\AngularDemo\AngularDemo\Model\Customer.js
D:\Ad\AngularDemo\AngularDemo\Model\Customer.js.map
D:\Ad\AngularDemo\AngularDemo\Service\FactoryCustomer.js
D:\Ad\AngularDemo\AngularDemo\Service\FactoryCustomer.js.map
D:\Ad\AngularDemo\AngularDemo\model\customerdb.js
D:\Ad\AngularDemo\AngularDemo\model\customerdb.js.map
D:\Ad\AngularDemo\AngularDemo\Components\CustomerDBComponent.js
D:\Ad\AngularDemo\AngularDemo\Components\CustomerDBComponent.js.map
D:\Ad\AngularDemo\AngularDemo\Components\CustomerDBHome.js
D:\Ad\AngularDemo\AngularDemo\Components\CustomerDBHome.js.map
D:\Ad\AngularDemo\AngularDemo\Routing\CustomerDBRouting.js
D:\Ad\AngularDemo\AngularDemo\Routing\CustomerDBRouting.js.map
D:\Ad\AngularDemo\AngularDemo\Components\CustomerComponent.js
D:\Ad\AngularDemo\AngularDemo\Components\CustomerComponent.js.map
D:\Ad\AngularDemo\AngularDemo\Routing\CustomerRouting.js
D:\Ad\AngularDemo\AngularDemo\Routing\CustomerRouting.js.map
D:\Ad\AngularDemo\AngularDemo\Components\SupplierComponent.js
D:\Ad\AngularDemo\AngularDemo\Components\SupplierComponent.js.map
D:\Ad\AngularDemo\AngularDemo\Routing\SupplierRouting.js
D:\Ad\AngularDemo\AngularDemo\Routing\SupplierRouting.js.map
D:\Ad\AngularDemo\AngularDemo\Modules\CustomerDBModule.js
D:\Ad\AngularDemo\AngularDemo\Modules\CustomerDBModule.js.map
D:\Ad\AngularDemo\AngularDemo\Components\GridComponent.js
D:\Ad\AngularDemo\AngularDemo\Components\GridComponent.js.map
D:\Ad\AngularDemo\AngularDemo\Modules\CustomerModule.js
D:\Ad\AngularDemo\AngularDemo\Modules\CustomerModule.js.map
D:\Ad\AngularDemo\AngularDemo\Modules\SupplierModule.js
D:\Ad\AngularDemo\AngularDemo\Modules\SupplierModule.js.map
