D:\Project\Angular2.2\Angular2.2\Components\MasterPageComponent.js
D:\Project\Angular2.2\Angular2.2\Components\MasterPageComponent.js.map
D:\Project\Angular2.2\Angular2.2\Components\WelcomeComponent.js
D:\Project\Angular2.2\Angular2.2\Components\WelcomeComponent.js.map
D:\Project\Angular2.2\Angular2.2\Routing\MainRouting.js
D:\Project\Angular2.2\Angular2.2\Routing\MainRouting.js.map
D:\Project\Angular2.2\Angular2.2\Modules\MainModule.js
D:\Project\Angular2.2\Angular2.2\Modules\MainModule.js.map
D:\Project\Angular2.2\Angular2.2\Startup\Startup.js
D:\Project\Angular2.2\Angular2.2\Startup\Startup.js.map
D:\Project\Angular2.2\Angular2.2\Model\Customer.js
D:\Project\Angular2.2\Angular2.2\Model\Customer.js.map
D:\Project\Angular2.2\Angular2.2\Service\FactoryCustomer.js
D:\Project\Angular2.2\Angular2.2\Service\FactoryCustomer.js.map
D:\Project\Angular2.2\Angular2.2\Components\CustomerComponent.js
D:\Project\Angular2.2\Angular2.2\Components\CustomerComponent.js.map
D:\Project\Angular2.2\Angular2.2\Routing\CustomerRouting.js
D:\Project\Angular2.2\Angular2.2\Routing\CustomerRouting.js.map
D:\Project\Angular2.2\Angular2.2\Components\SupplierComponent.js
D:\Project\Angular2.2\Angular2.2\Components\SupplierComponent.js.map
D:\Project\Angular2.2\Angular2.2\Routing\SupplierRouting.js
D:\Project\Angular2.2\Angular2.2\Routing\SupplierRouting.js.map
D:\Project\Angular2.2\Angular2.2\Components\GridComponent.js
D:\Project\Angular2.2\Angular2.2\Components\GridComponent.js.map
D:\Project\Angular2.2\Angular2.2\Modules\CustomerModule.js
D:\Project\Angular2.2\Angular2.2\Modules\CustomerModule.js.map
D:\Project\Angular2.2\Angular2.2\Modules\SupplierModule.js
D:\Project\Angular2.2\Angular2.2\Modules\SupplierModule.js.map
